build/app/outputs/mapping/release/seeds.txt
com.fastflow.vpn.FastFlowVpnService
com.fastflow.vpn.MainActivity
com.fastflow.vpn.NativeBridge
com.fastflow.vpn.AutoConnectService
com.fastflow.vpn.BootReceiver
com.fastflow.vpn.NativeBridge: java.lang.String ENGINE_SONAME
com.fastflow.vpn.NativeBridge: com.fastflow.vpn.NetworkStateMonitor monitor
com.fastflow.vpn.NativeBridge: com.fastflow.vpn.NativeBridge INSTANCE
com.fastflow.vpn.NativeBridge: boolean engineBound
com.fastflow.vpn.NativeBridge: boolean jniLoaded
com.fastflow.vpn.NativeBridge: java.lang.String TAG
com.fastflow.vpn.NativeBridge: void replayNetworkState()
com.fastflow.vpn.MainActivity: MainActivity()
com.fastflow.vpn.NativeBridge: void startMonitor(android.content.Context)
com.fastflow.vpn.NativeBridge: void nativeNetifDefaultChanged(long,java.lang.String,int,int)
com.fastflow.vpn.NativeBridge: boolean protectSocket(int)
com.fastflow.vpn.NativeBridge: NativeBridge()
com.fastflow.vpn.NativeBridge: void nativeNetifLost(long)
com.fastflow.vpn.NativeBridge: boolean ensureLoaded()
com.fastflow.vpn.NativeBridge: boolean ensureEngineBound()
com.fastflow.vpn.FastFlowVpnService: FastFlowVpnService()
com.fastflow.vpn.NativeBridge: void onNetworkUpdate(long,java.lang.String,int,int,int,java.lang.String,java.lang.String)
com.fastflow.vpn.NativeBridge: boolean nativeInit(java.lang.String)
com.fastflow.vpn.NativeBridge: void stopMonitor()
com.fastflow.vpn.NativeBridge: void nativeNetifUpdate(long,java.lang.String,int,int,int,java.lang.String,java.lang.String)
com.fastflow.vpn.NativeBridge: void onReset()
com.fastflow.vpn.AutoConnectService: AutoConnectService()
com.fastflow.vpn.NativeBridge: void nativeNetifReset()
com.fastflow.vpn.BootReceiver: BootReceiver()
com.fastflow.vpn.NativeBridge: void onDefaultNetworkChanged(long,java.lang.String,int,int)
com.fastflow.vpn.NativeBridge: void onNetworkLost(long)
...
android.support.v4.graphics.drawable.IconCompatParcelizer: androidx.core.graphics.drawable.IconCompat read(androidx.versionedparcelable.VersionedParcel)
androidx.window.layout.adapter.sidecar.SidecarCompat: void setExtensionCallback(androidx.window.layout.adapter.sidecar.ExtensionInterfaceCompat$ExtensionCallbackInterface)
androidx.lifecycle.ReportFragment$LifecycleCallbacks: void onActivityResumed(android.app.Activity)
io.flutter.embedding.engine.FlutterJNI: void updateDisplayMetrics(int,float,float,float)
io.flutter.embedding.engine.renderer.SurfaceTextureWrapper: android.graphics.SurfaceTexture surfaceTexture()
io.flutter.embedding.engine.FlutterJNI: void markTextureFrameAvailable(long)
io.flutter.embedding.engine.FlutterJNI: void dispatchPointerDataPacket(java.nio.ByteBuffer,int)
io.flutter.embedding.engine.renderer.FlutterRenderer$ImageReaderSurfaceProducer: android.view.Surface getSurface()
io.flutter.embedding.engine.FlutterJNI: void updateCustomAccessibilityActions(java.nio.ByteBuffer,java.lang.String[])
androidx.core.view.WindowInsetsCompat$Impl20: WindowInsetsCompat$Impl20(androidx.core.view.WindowInsetsCompat,android.view.WindowInsets)
kotlinx.coroutines.android.AndroidExceptionPreHandler: void handleException(kotlin.coroutines.CoroutineContext,java.lang.Throwable)
androidx.core.view.ViewCompat$Api21Impl: boolean dispatchNestedPreFling(android.view.View,float,float)
androidx.window.area.reflectionguard.ExtensionWindowAreaPresentationRequirements: void setPresentationView(android.view.View)
kotlinx.coroutines.selects.TrySelectDetailedResult: kotlinx.coroutines.selects.TrySelectDetailedResult valueOf(java.lang.String)
io.flutter.embedding.engine.renderer.FlutterRenderer$ImageTextureRegistryEntry: void waitOnFence(android.media.Image)
io.flutter.embedding.engine.FlutterJNI: android.graphics.Bitmap decodeImage(java.nio.ByteBuffer,long)
io.flutter.embedding.engine.renderer.FlutterRenderer$ImageReaderSurfaceProducer: io.flutter.embedding.engine.renderer.FlutterRenderer$ImageReaderSurfaceProducer$PerImage dequeueImage()
io.flutter.embedding.engine.FlutterJNI: void removeIsDisplayingFlutterUiListener(io.flutter.embedding.engine.renderer.FlutterUiDisplayListener)
io.flutter.embedding.engine.FlutterOverlaySurface: int getId()
io.flutter.embedding.engine.renderer.FlutterRenderer$ImageReaderSurfaceProducer: android.media.ImageReader createImageReader33()
io.flutter.embedding.android.FlutterTextureView: io.flutter.embedding.engine.renderer.FlutterRenderer getAttachedRenderer()
androidx.core.view.ViewCompat$Api28Impl: boolean isScreenReaderFocusable(android.view.View)
androidx.core.view.ViewCompat$Api21Impl: void setZ(android.view.View,float)
io.flutter.embedding.engine.FlutterJNI: void nativeNotifyLowMemoryWarning(long)
io.flutter.view.TextureRegistry$SurfaceTextureEntry: android.graphics.SurfaceTexture surfaceTexture()
androidx.core.view.WindowInsetsCompat$Impl: void copyRootViewBounds(android.view.View)
androidx.core.view.WindowInsetsCompat$Impl28: WindowInsetsCompat$Impl28(androidx.core.view.WindowInsetsCompat,android.view.WindowInsets)
androidx.core.view.DisplayCutoutCompat$Api28Impl: int getSafeInsetTop(android.view.DisplayCutout)
io.flutter.embedding.engine.FlutterJNI: java.lang.String getVMServiceUri()
io.flutter.embedding.engine.renderer.FlutterRenderer$ImageReaderSurfaceProducer: long id()
io.flutter.embedding.engine.FlutterJNI: boolean nativeGetIsSoftwareRenderingEnabled()
io.flutter.embedding.engine.FlutterJNI: void onSurfaceDestroyed()
io.flutter.view.AccessibilityViewEmbedder: android.view.View platformViewOfNode(int)
io.flutter.embedding.engine.renderer.FlutterRenderer$DisplayFeatureType: io.flutter.embedding.engine.renderer.FlutterRenderer$DisplayFeatureType valueOf(java.lang.String)
io.flutter.embedding.engine.FlutterJNI: void handlePlatformMessage(java.lang.String,java.nio.ByteBuffer,int,long)