build/app/outputs/mapping/release/mapping.txt
# compiler: R8
# compiler_version: 8.1.56
# min_api: 24
# common_typos_disable
# {"id":"com.android.tools.r8.mapping","version":"2.2"}
# pg_map_id: 40bc842
# pg_map_hash: SHA-256 40bc842aa20f325655026ad0427ddf5cc14b9899c601a21ea8b027dbb0312532
com.fastflow.vpn.AutoConnectService -> com.fastflow.vpn.AutoConnectService:
    io.flutter.embedding.engine.FlutterEngine engine -> a
    com.fastflow.vpn.AutoConnectService$Companion Companion -> b
    1:1:void startForegroundNotice():0:0 -> a
    1:1:void startHeadlessEngine():0:0 -> b
com.fastflow.vpn.AutoConnectService$$ExternalSyntheticApiModelOutline0 -> e0.a:
# {"id":"sourceFile","fileName":"R8$$SyntheticClass"}
# {"id":"com.android.tools.r8.synthesized"}
    1:1:void com.fastflow.vpn.AutoConnectService$$InternalSyntheticApiModelOutline$1$804e3a7da0c7a9018161a4201ae6552d708facd5d73ec84fb4108334edffd3aa$0.m(android.app.NotificationManager,android.app.NotificationChannel):0:0 -> a
      # {"id":"com.android.tools.r8.synthesized"}
com.fastflow.vpn.AutoConnectService$$ExternalSyntheticApiModelOutline1 -> e0.b:
# {"id":"sourceFile","fileName":"R8$$SyntheticClass"}
# {"id":"com.android.tools.r8.synthesized"}
    1:1:android.app.NotificationChannel com.fastflow.vpn.AutoConnectService$$InternalSyntheticApiModelOutline$7$804e3a7da0c7a9018161a4201ae6552d708facd5d73ec84fb4108334edffd3aa$0.m(java.lang.String,java.lang.CharSequence,int):0:0 -> a
      # {"id":"com.android.tools.r8.synthesized"}
com.fastflow.vpn.AutoConnectService$$ExternalSyntheticApiModelOutline2 -> e0.c:
# {"id":"sourceFile","fileName":"R8$$SyntheticClass"}
# {"id":"com.android.tools.r8.synthesized"}
    1:1:android.app.Notification$Builder com.fastflow.vpn.AutoConnectService$$InternalSyntheticApiModelOutline$7$804e3a7da0c7a9018161a4201ae6552d708facd5d73ec84fb4108334edffd3aa$1.m(android.content.Context,java.lang.String):0:0 -> a
      # {"id":"com.android.tools.r8.synthesized"}
com.fastflow.vpn.AutoConnectService$$ExternalSyntheticApiModelOutline3 -> e0.d:
# {"id":"sourceFile","fileName":"R8$$SyntheticClass"}
# {"id":"com.android.tools.r8.synthesized"}
    1:1:void com.fastflow.vpn.AutoConnectService$$InternalSyntheticApiModelOutline$7$804e3a7da0c7a9018161a4201ae6552d708facd5d73ec84fb4108334edffd3aa$2.m():0:0 -> a
      # {"id":"com.android.tools.r8.synthesized"}
com.fastflow.vpn.AutoConnectService$$ExternalSyntheticApiModelOutline4 -> e0.e:
# {"id":"sourceFile","fileName":"R8$$SyntheticClass"}
# {"id":"com.android.tools.r8.synthesized"}
    1:1:void com.fastflow.vpn.AutoConnectService$$InternalSyntheticApiModelOutline$7$804e3a7da0c7a9018161a4201ae6552d708facd5d73ec84fb4108334edffd3aa$3.m():0:0 -> a
      # {"id":"com.android.tools.r8.synthesized"}
com.fastflow.vpn.AutoConnectService$Companion -> com.fastflow.vpn.AutoConnectService$a:
    void <init>() -> <init>
    1:1:void <init>(kotlin.jvm.internal.DefaultConstructorMarker):0:0 -> <init>
      # {"id":"com.android.tools.r8.residualsignature","signature":"(Ln1/g;)V"}
com.fastflow.vpn.FastFlowVpnService -> com.fastflow.vpn.FastFlowVpnService:
    android.os.ParcelFileDescriptor tun -> a
    com.fastflow.vpn.FastFlowVpnService$Companion Companion -> b
    com.fastflow.vpn.FastFlowVpnService instance -> c
    kotlin.jvm.functions.Function1 pendingEstablish -> d
    boolean killSwitch -> e
    1:1:com.fastflow.vpn.FastFlowVpnService access$getInstance$cp():0:0 -> a
    1:1:void access$setKillSwitch$cp(boolean):0:0 -> b
    1:1:void access$setPendingEstablish$cp(kotlin.jvm.functions.Function1):0:0 -> c
      # {"id":"com.android.tools.r8.residualsignature","signature":"(Lm1/l;)V"}
    1:1:int establish(android.content.Intent):0:0 -> d
    1:1:void refreshUnderlyingNetworks():0:0 -> e
    1:1:void setKillSwitch(boolean):0:0 -> f
    1:1:kotlin.Pair splitCidr(java.lang.String):0:0 -> g
      # {"id":"com.android.tools.r8.residualsignature","signature":"(Ljava/lang/String;)Lb1/g;"}
    1:1:void startForegroundInternal():0:0 -> h
    1:1:void stopTunnel():0:0 -> i
    1:1:void updateUnderlyingNetworks(android.net.Network):0:0 -> j
...
kotlinx.coroutines.BuildersKt -> u1.f:
    1:1:kotlinx.coroutines.Job launch(kotlinx.coroutines.CoroutineScope,kotlin.coroutines.CoroutineContext,kotlinx.coroutines.CoroutineStart,kotlin.jvm.functions.Function2):0:0 -> a
      # {"id":"com.android.tools.r8.residualsignature","signature":"(Lu1/d0;Ld1/g;Lu1/f0;Lm1/p;)Lu1/e1;"}
    1:1:kotlinx.coroutines.Job launch$default(kotlinx.coroutines.CoroutineScope,kotlin.coroutines.CoroutineContext,kotlinx.coroutines.CoroutineStart,kotlin.jvm.functions.Function2,int,java.lang.Object):0:0 -> b
      # {"id":"com.android.tools.r8.residualsignature","signature":"(Lu1/d0;Ld1/g;Lu1/f0;Lm1/p;ILjava/lang/Object;)Lu1/e1;"}
kotlinx.coroutines.BuildersKt__Builders_commonKt -> u1.g:
    1:1:kotlinx.coroutines.Job launch(kotlinx.coroutines.CoroutineScope,kotlin.coroutines.CoroutineContext,kotlinx.coroutines.CoroutineStart,kotlin.jvm.functions.Function2):0:0 -> a
      # {"id":"com.android.tools.r8.residualsignature","signature":"(Lu1/d0;Ld1/g;Lu1/f0;Lm1/p;)Lu1/e1;"}
    1:1:kotlinx.coroutines.Job launch$default(kotlinx.coroutines.CoroutineScope,kotlin.coroutines.CoroutineContext,kotlinx.coroutines.CoroutineStart,kotlin.jvm.functions.Function2,int,java.lang.Object):0:0 -> b
      # {"id":"com.android.tools.r8.residualsignature","signature":"(Lu1/d0;Ld1/g;Lu1/f0;Lm1/p;ILjava/lang/Object;)Lu1/e1;"}
kotlinx.coroutines.CancelHandler -> u1.h:
kotlinx.coroutines.CancelHandlerBase -> u1.i:
kotlinx.coroutines.CancellableContinuation -> u1.j:
    java.lang.Object tryResume(java.lang.Object,java.lang.Object,kotlin.jvm.functions.Function1) -> m
      # {"id":"com.android.tools.r8.residualsignature","signature":"(Ljava/lang/Object;Ljava/lang/Object;Lm1/l;)Ljava/lang/Object;"}
    void completeResume(java.lang.Object) -> x
kotlinx.coroutines.CancellableContinuationImpl -> u1.k:
    kotlin.coroutines.Continuation delegate -> h
    kotlin.coroutines.CoroutineContext context -> i
    java.util.concurrent.atomic.AtomicIntegerFieldUpdater _decisionAndIndex$FU -> j
    java.util.concurrent.atomic.AtomicReferenceFieldUpdater _state$FU -> k
    java.util.concurrent.atomic.AtomicReferenceFieldUpdater _parentHandle$FU -> l
    1:1:void <clinit>():0:0 -> <clinit>
    1:1:void <init>(kotlin.coroutines.Continuation,int):0:0 -> <init>
      # {"id":"com.android.tools.r8.residualsignature","signature":"(Ld1/d;I)V"}
    1:1:void initCancellability():0:0 -> A
    1:1:kotlinx.coroutines.DisposableHandle installParentHandle():0:0 -> B
      # {"id":"com.android.tools.r8.residualsignature","signature":"()Lu1/o0;"}
    1:1:void invokeOnCancellationImpl(java.lang.Object):0:0 -> C
    1:1:boolean isCompleted():0:0 -> D
    1:1:boolean isReusable():0:0 -> E
    1:1:void multipleHandlersError(java.lang.Object,java.lang.Object):0:0 -> F
    1:1:java.lang.String nameString():0:0 -> G
    1:1:void parentCancelled$kotlinx_coroutines_core(java.lang.Throwable):0:0 -> H
    1:1:void releaseClaimedReusableContinuation$kotlinx_coroutines_core():0:0 -> I
    1:1:boolean resetStateReusable():0:0 -> J
    1:1:void resume(java.lang.Object,kotlin.jvm.functions.Function1):0:0 -> K
      # {"id":"com.android.tools.r8.residualsignature","signature":"(Ljava/lang/Object;Lm1/l;)V"}
kotlinx.coroutines.CancellableContinuationImplKt -> u1.l:
    kotlinx.coroutines.internal.Symbol RESUME_TOKEN -> a
    1:1:void <clinit>():0:0 -> <clinit>
kotlinx.coroutines.CancellableContinuationKt -> u1.m:
    1:1:kotlinx.coroutines.CancellableContinuationImpl getOrCreateCancellableContinuation(kotlin.coroutines.Continuation):0:0 -> a
      # {"id":"com.android.tools.r8.residualsignature","signature":"(Ld1/d;)Lu1/k;"}