build/app/outputs/mapping/release/usage.txt
com.fastflow.vpn.AutoConnectService:
    public static final java.lang.String CHANNEL_ID
    public static final java.lang.String ENTRYPOINT
    public static final int NOTIF_ID
com.fastflow.vpn.FastFlowVpnService$Companion:
    public final boolean getKillSwitch()
    public final kotlin.jvm.functions.Function1 getPendingEstablish()
    public final void setInstance(com.fastflow.vpn.FastFlowVpnService)
com.fastflow.vpn.FastFlowVpnService:
    public static final java.lang.String ACTION_START
    public static final java.lang.String ACTION_STOP
    private static final java.lang.String CHANNEL_ID
    private static final int NOTIF_ID
    public static final synthetic boolean access$getKillSwitch$cp()
    public static final synthetic kotlin.jvm.functions.Function1 access$getPendingEstablish$cp()
    public static final synthetic void access$setInstance$cp(com.fastflow.vpn.FastFlowVpnService)
com.fastflow.vpn.MainActivity:
    public static final int REQUEST_VPN_PREPARE
com.fastflow.vpn.NetworkStateMonitor$DefaultSnapshot:
    public final long component1()
    public final java.lang.String component2()
    public final int component3()
    public final int component4()
    public final com.fastflow.vpn.NetworkStateMonitor$DefaultSnapshot copy(long,java.lang.String,int,int)
    public static synthetic com.fastflow.vpn.NetworkStateMonitor$DefaultSnapshot copy$default(com.fastflow.vpn.NetworkStateMonitor$DefaultSnapshot,long,java.lang.String,int,int,int,java.lang.Object)
com.fastflow.vpn.NetworkStateMonitor$NetifSnapshot:
    public final long component1()
    public final java.lang.String component2()
    public final int component3()
    public final int component4()
    public final int component5()
    public final java.lang.String component6()
    public final java.lang.String component7()
    public final com.fastflow.vpn.NetworkStateMonitor$NetifSnapshot copy(long,java.lang.String,int,int,int,java.lang.String,java.lang.String)
    public static synthetic com.fastflow.vpn.NetworkStateMonitor$NetifSnapshot copy$default(com.fastflow.vpn.NetworkStateMonitor$NetifSnapshot,long,java.lang.String,int,int,int,java.lang.String,java.lang.String,int,java.lang.Object)
com.fastflow.vpn.NetworkStateMonitor:
    public static final int FLAG_BLUETOOTH
    public static final int FLAG_CELLULAR
    public static final int FLAG_CONSTRAINED
    public static final int FLAG_ETHERNET
    public static final int FLAG_METERED
    public static final int FLAG_VALIDATED
    public static final int FLAG_WIFI
    public static final long NO_NETWORK_HANDLE
    private static final java.lang.String TAG
    public synthetic void <init>(android.content.Context,com.fastflow.vpn.NetworkStateMonitor$Sink,kotlin.jvm.functions.Function1,int,kotlin.jvm.internal.DefaultConstructorMarker)
com.fastflow.vpn.R$drawable:
    public static int launch_background
    private void <init>()
com.fastflow.vpn.R$style
com.fastflow.vpn.R
com.fastflow.vpn.VpnChannels:
    public static final java.lang.String BOOT_CHANNEL
    public static final java.lang.String PREFS
    public static final java.lang.String PREF_AUTO_START
    public static final java.lang.String ROUTE_CHANNEL
    public static final java.lang.String VPN_CHANNEL
    public static final java.lang.String WIFI_EVENT_CHANNEL
    public static final java.lang.String WIFI_METHOD_CHANNEL
...
androidx.core.view.accessibility.AccessibilityNodeInfoCompat$RangeInfoCompat
androidx.core.view.accessibility.AccessibilityNodeInfoCompat$TouchDelegateInfoCompat
androidx.core.view.accessibility.AccessibilityNodeInfoCompat
androidx.core.view.accessibility.AccessibilityNodeProviderCompat$AccessibilityNodeProviderApi19
androidx.core.view.accessibility.AccessibilityNodeProviderCompat$AccessibilityNodeProviderApi26
androidx.core.view.accessibility.AccessibilityNodeProviderCompat
androidx.core.view.accessibility.AccessibilityRecordCompat
androidx.core.view.accessibility.AccessibilityViewCommand$CommandArguments
androidx.core.view.accessibility.AccessibilityViewCommand$MoveAtGranularityArguments
androidx.core.view.accessibility.AccessibilityViewCommand$MoveHtmlArguments
androidx.core.view.accessibility.AccessibilityViewCommand$MoveWindowArguments
androidx.core.view.accessibility.AccessibilityViewCommand$ScrollToPositionArguments
androidx.core.view.accessibility.AccessibilityViewCommand$SetProgressArguments
androidx.core.view.accessibility.AccessibilityViewCommand$SetSelectionArguments
androidx.core.view.accessibility.AccessibilityViewCommand$SetTextArguments
androidx.core.view.accessibility.AccessibilityViewCommand
androidx.core.view.accessibility.AccessibilityWindowInfoCompat$Api21Impl
androidx.core.view.accessibility.AccessibilityWindowInfoCompat$Api24Impl
androidx.core.view.accessibility.AccessibilityWindowInfoCompat$Api26Impl
androidx.core.view.accessibility.AccessibilityWindowInfoCompat$Api30Impl
androidx.core.view.accessibility.AccessibilityWindowInfoCompat$Api33Impl
androidx.core.view.accessibility.AccessibilityWindowInfoCompat$Api34Impl
androidx.core.view.accessibility.AccessibilityWindowInfoCompat
androidx.core.view.animation.PathInterpolatorApi14
androidx.core.view.animation.PathInterpolatorCompat$Api21Impl
androidx.core.view.animation.PathInterpolatorCompat
androidx.core.view.autofill.AutofillIdCompat:
    private final java.lang.Object mWrappedObj
    private void <init>(android.view.autofill.AutofillId)
    public static androidx.core.view.autofill.AutofillIdCompat toAutofillIdCompat(android.view.autofill.AutofillId)
androidx.core.view.contentcapture.ContentCaptureSessionCompat$Api23Impl
androidx.core.view.contentcapture.ContentCaptureSessionCompat$Api29Impl
androidx.core.view.contentcapture.ContentCaptureSessionCompat$Api34Impl
androidx.core.view.contentcapture.ContentCaptureSessionCompat
androidx.core.view.inputmethod.EditorInfoCompat$Api30Impl
androidx.core.view.inputmethod.EditorInfoCompat:
    private static final java.lang.String CONTENT_MIME_TYPES_INTEROP_KEY
    private static final java.lang.String CONTENT_MIME_TYPES_KEY
    private static final java.lang.String CONTENT_SELECTION_END_KEY
    private static final java.lang.String CONTENT_SELECTION_HEAD_KEY
    private static final java.lang.String CONTENT_SURROUNDING_TEXT_KEY
    public static final int IME_FLAG_FORCE_ASCII
    public static final int IME_FLAG_NO_PERSONALIZED_LEARNING
    static final int MAX_INITIAL_SELECTION_LENGTH
    static final int MEMORY_EFFICIENT_TEXT_LENGTH
    private static final java.lang.String STYLUS_HANDWRITING_ENABLED_KEY
    public void <init>()
    public static java.lang.String[] getContentMimeTypes(android.view.inputmethod.EditorInfo)
    public static java.lang.CharSequence getInitialSelectedText(android.view.inputmethod.EditorInfo,int)
    public static java.lang.CharSequence getInitialTextAfterCursor(android.view.inputmethod.EditorInfo,int,int)
    public static java.lang.CharSequence getInitialTextBeforeCursor(android.view.inputmethod.EditorInfo,int,int)
    static int getProtocol(android.view.inputmethod.EditorInfo)
    private static boolean isCutOnSurrogate(java.lang.CharSequence,int,int)
    private static boolean isPasswordInputType(int)
    public static boolean isStylusHandwritingEnabled(android.view.inputmethod.EditorInfo)
androidx.core.view.inputmethod.InputConnectionCompat$1